<?xml version='1.0'?>
<ns2:test-suite xmlns:ns2='urn:model.allure.qatools.yandex.ru' start='1652986514752' stop='1652986514758'>
    <name>The client search in the ebay page: The client search by "pilas" in ebay page</name>
    <title>The client search in the ebay page: The client search by "pilas" in ebay page</title>
    <test-cases>
        <test-case start='1652986514753' status='passed' stop='1652986514755'>
            <name></name>
            <title></title>
            <labels>
                <label name='language' value='javascript'/>
                <label name='framework' value='wdio'/>
                <label name='thread' value='0-1'/>
            </labels>
            <parameters>
                <parameter kind='argument' name='device' value='Pixel 4a API 30 11.0-11'/>
            </parameters>
            <steps/>
            <attachments/>
        </test-case>
        <test-case start='1652986514755' status='broken' stop='1652986514756'>
            <name>Given The client is in the www.ebay.com</name>
            <title>Given The client is in the www.ebay.com</title>
            <labels>
                <label name='language' value='javascript'/>
                <label name='framework' value='wdio'/>
                <label name='thread' value='0-1'/>
            </labels>
            <parameters>
                <parameter kind='argument' name='device' value='Pixel 4a API 30 11.0-11'/>
            </parameters>
            <steps/>
            <attachments/>
            <failure>
                <message>Step "The client is in the www.ebay.com" is not defined. You can ignore this error by setting cucumberOpts.ignoreUndefinedDefinitions as true.</message>
                <stack-trace>Step "The client is in the www.ebay.com" is not defined. You can ignore this error by setting cucumberOpts.ignoreUndefinedDefinitions as true.
                	at Feature(C:\project-mobile\features\search.feature):1:1
                	at Scenario(The client search by "pilas" in ebay page):3:3
                	at Step(The client is in the &lt;page>):5:5
                </stack-trace>
            </failure>
        </test-case>
        <test-case start='1652986514756' status='broken' stop='1652986514756'>
            <name>When he client search for 'pilas'</name>
            <title>When he client search for 'pilas'</title>
            <labels>
                <label name='language' value='javascript'/>
                <label name='framework' value='wdio'/>
                <label name='thread' value='0-1'/>
            </labels>
            <parameters>
                <parameter kind='argument' name='device' value='Pixel 4a API 30 11.0-11'/>
            </parameters>
            <steps/>
            <attachments/>
            <failure>
                <message>Step "he client search for 'pilas'" is not defined. You can ignore this error by setting cucumberOpts.ignoreUndefinedDefinitions as true.</message>
                <stack-trace>Step "he client search for 'pilas'" is not defined. You can ignore this error by setting cucumberOpts.ignoreUndefinedDefinitions as true.
                	at Feature(C:\project-mobile\features\search.feature):1:1
                	at Scenario(The client search by "pilas" in ebay page):3:3
                	at Step(he client search for &lt;word>):6:5
                </stack-trace>
            </failure>
        </test-case>
        <test-case start='1652986514756' status='broken' stop='1652986514757'>
            <name>Then The client count the results</name>
            <title>Then The client count the results</title>
            <labels>
                <label name='language' value='javascript'/>
                <label name='framework' value='wdio'/>
                <label name='thread' value='0-1'/>
            </labels>
            <parameters>
                <parameter kind='argument' name='device' value='Pixel 4a API 30 11.0-11'/>
            </parameters>
            <steps/>
            <attachments/>
            <failure>
                <message>Step "The client count the results" is not defined. You can ignore this error by setting cucumberOpts.ignoreUndefinedDefinitions as true.</message>
                <stack-trace>Step "The client count the results" is not defined. You can ignore this error by setting cucumberOpts.ignoreUndefinedDefinitions as true.
                	at Feature(C:\project-mobile\features\search.feature):1:1
                	at Scenario(The client search by "pilas" in ebay page):3:3
                	at Step(The client count the results):7:5
                </stack-trace>
            </failure>
        </test-case>
        <test-case start='1652986514757' status='passed' stop='1652986514757'>
            <name></name>
            <title></title>
            <labels>
                <label name='language' value='javascript'/>
                <label name='framework' value='wdio'/>
                <label name='thread' value='0-1'/>
            </labels>
            <parameters>
                <parameter kind='argument' name='device' value='Pixel 4a API 30 11.0-11'/>
            </parameters>
            <steps/>
            <attachments/>
        </test-case>
    </test-cases>
</ns2:test-suite>